\BOOKMARK [1][-]{section.1}{Tuesday, September 5, 2017}{}% 1
\BOOKMARK [2][-]{subsection.1.1}{The Seven Bridges of Konigsberg}{section.1}% 2
\BOOKMARK [2][-]{subsection.1.2}{\(Outline\) Solution to Konigsberg}{section.1}% 3
\BOOKMARK [1][-]{section.2}{Friday, September 8, 2017}{}% 4
\BOOKMARK [2][-]{subsection.2.1}{Graphs}{section.2}% 5
\BOOKMARK [2][-]{subsection.2.2}{Graph Theory Applications}{section.2}% 6
\BOOKMARK [3][-]{subsubsection.2.2.1}{Uber}{subsection.2.2}% 7
\BOOKMARK [3][-]{subsubsection.2.2.2}{Monge's Theorem \(on matching\)}{subsection.2.2}% 8
\BOOKMARK [3][-]{subsubsection.2.2.3}{Marriage \(Stable\) Problem}{subsection.2.2}% 9
\BOOKMARK [3][-]{subsubsection.2.2.4}{Scheduling \(Graph Colouring\)}{subsection.2.2}% 10
\BOOKMARK [3][-]{subsubsection.2.2.5}{Network Problems}{subsection.2.2}% 11
\BOOKMARK [3][-]{subsubsection.2.2.6}{Uber \(Pathfinding\)}{subsection.2.2}% 12
\BOOKMARK [2][-]{subsection.2.3}{Morphism}{section.2}% 13
\BOOKMARK [1][-]{section.3}{Tuesday, September 12, 2017}{}% 14
\BOOKMARK [2][-]{subsection.3.1}{More Morphism}{section.3}% 15
\BOOKMARK [2][-]{subsection.3.2}{Decomposing Graphs}{section.3}% 16
\BOOKMARK [3][-]{subsubsection.3.2.1}{Connectivity of G}{subsection.3.2}% 17
\BOOKMARK [1][-]{section.4}{Friday, September 15, 2017}{}% 18
\BOOKMARK [2][-]{subsection.4.1}{Equivalence Relations on a set}{section.4}% 19
\BOOKMARK [1][-]{section.5}{Tuesday, September 19, 2017}{}% 20
\BOOKMARK [2][-]{subsection.5.1}{Konig's Theorem \(continued\)}{section.5}% 21
\BOOKMARK [2][-]{subsection.5.2}{Networks}{section.5}% 22
\BOOKMARK [1][-]{section.6}{Tuesday, September 26, 2017}{}% 23
\BOOKMARK [2][-]{subsection.6.1}{Flow on a network}{section.6}% 24
\BOOKMARK [1][-]{section.7}{Friday, September 29, 2017}{}% 25
\BOOKMARK [2][-]{subsection.7.1}{Max-flow Min-Cut Theorem \(continued\)}{section.7}% 26
\BOOKMARK [2][-]{subsection.7.2}{\(Ford-Fulkerson\) Algorithm for finding a maximal flow for a network}{section.7}% 27
