\BOOKMARK [1][-]{section.1}{Thursday, January 11, 2017}{}% 1
\BOOKMARK [2][-]{subsection.1.1}{The Root Cause of this Course}{section.1}% 2
\BOOKMARK [3][-]{subsubsection.1.1.1}{Higher-order Functions on Aggregates}{subsection.1.1}% 3
\BOOKMARK [3][-]{subsubsection.1.1.2}{Combining Forms}{subsection.1.1}% 4
\BOOKMARK [3][-]{subsubsection.1.1.3}{Example Topic: Evaluation Order}{subsection.1.1}% 5
\BOOKMARK [3][-]{subsubsection.1.1.4}{Example Topic: Scheme Macros}{subsection.1.1}% 6
\BOOKMARK [3][-]{subsubsection.1.1.5}{Dynamic and Static Typing}{subsection.1.1}% 7
\BOOKMARK [3][-]{subsubsection.1.1.6}{Parametric Polymorphism}{subsection.1.1}% 8
\BOOKMARK [3][-]{subsubsection.1.1.7}{What is "Powerful"? \205 The Tradeoff}{subsection.1.1}% 9
\BOOKMARK [1][-]{section.2}{Thursday, January 18, 2018}{}% 10
\BOOKMARK [2][-]{subsection.2.1}{Racket}{section.2}% 11
\BOOKMARK [2][-]{subsection.2.2}{Basic Data Types}{section.2}% 12
\BOOKMARK [2][-]{subsection.2.3}{Procedures and Functions}{section.2}% 13
\BOOKMARK [2][-]{subsection.2.4}{Boolean Operations}{section.2}% 14
\BOOKMARK [2][-]{subsection.2.5}{Number operations}{section.2}% 15
\BOOKMARK [2][-]{subsection.2.6}{Equality}{section.2}% 16
\BOOKMARK [2][-]{subsection.2.7}{Definitions}{section.2}% 17
\BOOKMARK [2][-]{subsection.2.8}{Anonymous Functions}{section.2}% 18
\BOOKMARK [2][-]{subsection.2.9}{Conditionals}{section.2}% 19
\BOOKMARK [3][-]{subsubsection.2.9.1}{and,or as conditionals}{subsection.2.9}% 20
\BOOKMARK [2][-]{subsection.2.10}{Local bindings}{section.2}% 21
\BOOKMARK [3][-]{subsubsection.2.10.1}{Recursive local bindings}{subsection.2.10}% 22
\BOOKMARK [2][-]{subsection.2.11}{Recommended Code Layout}{section.2}% 23
\BOOKMARK [1][-]{section.3}{Thursday, January 25, 2018}{}% 24
\BOOKMARK [1][-]{section.4}{Thursday, February 1, 2018}{}% 25
\BOOKMARK [2][-]{subsection.4.1}{Scheme \(cont'd\)}{section.4}% 26
\BOOKMARK [3][-]{subsubsection.4.1.1}{foldl}{subsection.4.1}% 27
\BOOKMARK [3][-]{subsubsection.4.1.2}{foldr}{subsection.4.1}% 28
\BOOKMARK [3][-]{subsubsection.4.1.3}{Procedure-Call Stack}{subsection.4.1}% 29
\BOOKMARK [3][-]{subsubsection.4.1.4}{Non-Tail Calls and Tail Calls}{subsection.4.1}% 30
\BOOKMARK [2][-]{subsection.4.2}{Haskell}{section.4}% 31
\BOOKMARK [3][-]{subsubsection.4.2.1}{Expressions and Types}{subsection.4.2}% 32
\BOOKMARK [3][-]{subsubsection.4.2.2}{Definitions}{subsection.4.2}% 33
\BOOKMARK [3][-]{subsubsection.4.2.3}{Function Applications}{subsection.4.2}% 34
\BOOKMARK [1][-]{section.5}{Thursday, February 8, 2018}{}% 35
\BOOKMARK [2][-]{subsection.5.1}{Haskell \(cont'd\)}{section.5}% 36
\BOOKMARK [3][-]{subsubsection.5.1.1}{Local Definitions For Expressions}{subsection.5.1}% 37
\BOOKMARK [3][-]{subsubsection.5.1.2}{Local Definitions For Definitions}{subsection.5.1}% 38
