\BOOKMARK [1][-]{section.1}{Wednesday, May 3, 2017}{}% 1
\BOOKMARK [2][-]{subsection.1.1}{What is probability?}{section.1}% 2
\BOOKMARK [2][-]{subsection.1.2}{Relative Frequency Definition of Probability}{section.1}% 3
\BOOKMARK [2][-]{subsection.1.3}{Formal Definition of Probability}{section.1}% 4
\BOOKMARK [1][-]{section.2}{Friday, May 5, 2017}{}% 5
\BOOKMARK [2][-]{subsection.2.1}{Formal Definition of Probability}{section.2}% 6
\BOOKMARK [2][-]{subsection.2.2}{Properties of Probability Measure Functions}{section.2}% 7
\BOOKMARK [2][-]{subsection.2.3}{Uniform Probability Measure on Finite Sample Spaces}{section.2}% 8
\BOOKMARK [2][-]{subsection.2.4}{Counting \(Combinatorics\)}{section.2}% 9
\BOOKMARK [1][-]{section.3}{Wednesday, May 10, 2017}{}% 10
\BOOKMARK [2][-]{subsection.3.1}{Counting \(continued\)}{section.3}% 11
\BOOKMARK [2][-]{subsection.3.2}{Conditional Probability}{section.3}% 12
\BOOKMARK [1][-]{section.4}{Friday, May 12, 2017}{}% 13
\BOOKMARK [2][-]{subsection.4.1}{Conditional Probability \(continued\)}{section.4}% 14
\BOOKMARK [2][-]{subsection.4.2}{Continuity of P}{section.4}% 15
\BOOKMARK [1][-]{section.5}{Wednesday, May 17, 2017}{}% 16
\BOOKMARK [2][-]{subsection.5.1}{Random Variables}{section.5}% 17
\BOOKMARK [2][-]{subsection.5.2}{Distribution of a Random Variable}{section.5}% 18
\BOOKMARK [2][-]{subsection.5.3}{Discrete Random Variables}{section.5}% 19
\BOOKMARK [2][-]{subsection.5.4}{Important Discrete Distributions}{section.5}% 20
\BOOKMARK [1][-]{section.6}{Friday, May 19, 2017}{}% 21
\BOOKMARK [2][-]{subsection.6.1}{Important Distributions \(continued again\)}{section.6}% 22
\BOOKMARK [2][-]{subsection.6.2}{Hyper Geometric Distribution}{section.6}% 23
\BOOKMARK [1][-]{section.7}{Wednesday, May 24, 2017}{}% 24
\BOOKMARK [2][-]{subsection.7.1}{Important Distributions \(continued again\)}{section.7}% 25
\BOOKMARK [2][-]{subsection.7.2}{Poisson Distribution}{section.7}% 26
\BOOKMARK [2][-]{subsection.7.3}{Continuous Distributions}{section.7}% 27
\BOOKMARK [1][-]{section.8}{Friday, May 26, 2017}{}% 28
\BOOKMARK [2][-]{subsection.8.1}{Continuous Distributions \(continued\)}{section.8}% 29
\BOOKMARK [2][-]{subsection.8.2}{Important Continuous Distributions}{section.8}% 30
\BOOKMARK [1][-]{section.9}{Wednesday, May 31, 2017}{}% 31
\BOOKMARK [2][-]{subsection.9.1}{Cumulative Distribution Functions \(CDF\)}{section.9}% 32
\BOOKMARK [2][-]{subsection.9.2}{Cumulative Distribution Functions for Discrete Random Variables}{section.9}% 33
\BOOKMARK [1][-]{section.10}{Friday, June 2, 2017}{}% 34
\BOOKMARK [2][-]{subsection.10.1}{Cumulative Distribution Functions of Absolutely Continuous Random Variables}{section.10}% 35
\BOOKMARK [2][-]{subsection.10.2}{Mixture Distributions}{section.10}% 36
\BOOKMARK [2][-]{subsection.10.3}{One-dimensional change of variables}{section.10}% 37
\BOOKMARK [1][-]{section.11}{Wednesday, June 7, 2017}{}% 38
