\BOOKMARK [1][-]{section.1}{Wednesday, September 6, 2017}{}% 1
\BOOKMARK [2][-]{subsection.1.1}{Greedy Algorithms}{section.1}% 2
\BOOKMARK [3][-]{subsubsection.1.1.1}{Interval Scheduling \(KT 4.1\)}{subsection.1.1}% 3
\BOOKMARK [3][-]{subsubsection.1.1.2}{Possible sort orders}{subsection.1.1}% 4
\BOOKMARK [3][-]{subsubsection.1.1.3}{Proof of Correctness \(optimality\)}{subsection.1.1}% 5
\BOOKMARK [1][-]{section.2}{Monday, September 11, 2017}{}% 6
\BOOKMARK [2][-]{subsection.2.1}{Min-Max Lateness \(KT 4.1\)}{section.2}% 7
\BOOKMARK [1][-]{section.3}{Wednesday, September 13, 2017}{}% 8
\BOOKMARK [2][-]{subsection.3.1}{Dijkstra's Shortest Path Algorithm \(KT 4.4, DPV 4.4\)}{section.3}% 9
\BOOKMARK [2][-]{subsection.3.2}{Algorithm}{section.3}% 10
\BOOKMARK [2][-]{subsection.3.3}{Running Time}{section.3}% 11
\BOOKMARK [2][-]{subsection.3.4}{Correctness}{section.3}% 12
\BOOKMARK [1][-]{section.4}{Monday, September 18, 2017}{}% 13
\BOOKMARK [2][-]{subsection.4.1}{Huffman Codes \(KT 4.5\)\(DPV 5.2\)}{section.4}% 14
\BOOKMARK [3][-]{subsubsection.4.1.1}{Algorithm Intuition}{subsection.4.1}% 15
\BOOKMARK [3][-]{subsubsection.4.1.2}{Algorithm Correctness}{subsection.4.1}% 16
\BOOKMARK [1][-]{section.5}{Wednesday, September 20, 2017}{}% 17
\BOOKMARK [2][-]{subsection.5.1}{Divide and Conquer \(DPV 2\)\(KT 5\)}{section.5}% 18
\BOOKMARK [3][-]{subsubsection.5.1.1}{Mergesort}{subsection.5.1}% 19
\BOOKMARK [3][-]{subsubsection.5.1.2}{Binary Search}{subsection.5.1}% 20
\BOOKMARK [3][-]{subsubsection.5.1.3}{General Divide and Conquer Template}{subsection.5.1}% 21
\BOOKMARK [3][-]{subsubsection.5.1.4}{General Structure for Divide and Conquer Algorithms}{subsection.5.1}% 22
\BOOKMARK [3][-]{subsubsection.5.1.5}{Recurrence to Describe Running Time of Divide and Conquer Algorithms}{subsection.5.1}% 23
\BOOKMARK [3][-]{subsubsection.5.1.6}{Recurrence for "Generic" Divide and Conquer Algorithms}{subsection.5.1}% 24
\BOOKMARK [3][-]{subsubsection.5.1.7}{"Master Theorem" for T\(n\) as defined previously}{subsection.5.1}% 25
\BOOKMARK [2][-]{subsection.5.2}{Karatsuba's Multiplication Algorithm}{section.5}% 26
\BOOKMARK [3][-]{subsubsection.5.2.1}{Classic Algorithm for Multiplication}{subsection.5.2}% 27
\BOOKMARK [3][-]{subsubsection.5.2.2}{Divide and Conquer Idea \043 1}{subsection.5.2}% 28
\BOOKMARK [3][-]{subsubsection.5.2.3}{Divide and Conquer Idea \043 2}{subsection.5.2}% 29
\BOOKMARK [3][-]{subsubsection.5.2.4}{Algorithm for Divide and Conquer Idea \043 2}{subsection.5.2}% 30
\BOOKMARK [3][-]{subsubsection.5.2.5}{Applying the Master Theorem}{subsection.5.2}% 31
\BOOKMARK [2][-]{subsection.5.3}{Celebrity Problem}{section.5}% 32
\BOOKMARK [1][-]{section.6}{Wednesday, September 25, 2017}{}% 33
\BOOKMARK [2][-]{subsection.6.1}{Fast Fourier Transform \(KT 5.6\)\(DPV 2.6\)}{section.6}% 34
\BOOKMARK [3][-]{subsubsection.6.1.1}{Value Representation of Polynomials}{subsection.6.1}% 35
