\BOOKMARK [1][-]{section.1}{Thursday, September 7, 2017}{}% 1
\BOOKMARK [2][-]{subsection.1.1}{Definitions}{section.1}% 2
\BOOKMARK [2][-]{subsection.1.2}{How do we store data?}{section.1}% 3
\BOOKMARK [3][-]{subsubsection.1.2.1}{Traditional File System}{subsection.1.2}% 4
\BOOKMARK [3][-]{subsubsection.1.2.2}{Database Approach}{subsection.1.2}% 5
\BOOKMARK [2][-]{subsection.1.3}{Relational Data Model}{section.1}% 6
\BOOKMARK [3][-]{subsubsection.1.3.1}{Advantages}{subsection.1.3}% 7
\BOOKMARK [3][-]{subsubsection.1.3.2}{Cost and Risk}{subsection.1.3}% 8
\BOOKMARK [2][-]{subsection.1.4}{Database Development Process}{section.1}% 9
\BOOKMARK [1][-]{section.2}{Thursday, September 14, 2017}{}% 10
\BOOKMARK [2][-]{subsection.2.1}{Relational Data Model}{section.2}% 11
\BOOKMARK [2][-]{subsection.2.2}{Database Analysis}{section.2}% 12
\BOOKMARK [2][-]{subsection.2.3}{Business Rules}{section.2}% 13
\BOOKMARK [3][-]{subsubsection.2.3.1}{Cardinality Constraints}{subsection.2.3}% 14
\BOOKMARK [2][-]{subsection.2.4}{Entity Relationship \(ER\) Model}{section.2}% 15
\BOOKMARK [3][-]{subsubsection.2.4.1}{Entity}{subsection.2.4}% 16
\BOOKMARK [3][-]{subsubsection.2.4.2}{The Weak shall fear the Strong}{subsection.2.4}% 17
\BOOKMARK [3][-]{subsubsection.2.4.3}{Attributes}{subsection.2.4}% 18
\BOOKMARK [3][-]{subsubsection.2.4.4}{Criteria for Identifiers}{subsection.2.4}% 19
\BOOKMARK [3][-]{subsubsection.2.4.5}{Modelling Relationships}{subsection.2.4}% 20
\BOOKMARK [1][-]{section.3}{Thursday, September 21, 2017}{}% 21
\BOOKMARK [2][-]{subsection.3.1}{Associative Entity}{section.3}% 22
\BOOKMARK [2][-]{subsection.3.2}{Multiple Relationships}{section.3}% 23
\BOOKMARK [2][-]{subsection.3.3}{Representing Multivalued Attribute}{section.3}% 24
\BOOKMARK [2][-]{subsection.3.4}{Time \205 Dependent Data}{section.3}% 25
\BOOKMARK [2][-]{subsection.3.5}{Enhanced ER diagram \(EER\)}{section.3}% 26
\BOOKMARK [3][-]{subsubsection.3.5.1}{Attribute Inheritance}{subsection.3.5}% 27
\BOOKMARK [2][-]{subsection.3.6}{Relationships}{section.3}% 28
\BOOKMARK [2][-]{subsection.3.7}{Constraints in Relationship}{section.3}% 29
\BOOKMARK [2][-]{subsection.3.8}{Subtype Discriminator}{section.3}% 30
\BOOKMARK [1][-]{section.4}{Thursday, September 28, 2017}{}% 31
\BOOKMARK [2][-]{subsection.4.1}{Database Design}{section.4}% 32
\BOOKMARK [2][-]{subsection.4.2}{Relational Data Model}{section.4}% 33
\BOOKMARK [3][-]{subsubsection.4.2.1}{Relations}{subsection.4.2}% 34
\BOOKMARK [3][-]{subsubsection.4.2.2}{Key Fields}{subsection.4.2}% 35
\BOOKMARK [3][-]{subsubsection.4.2.3}{Databases}{subsection.4.2}% 36
\BOOKMARK [3][-]{subsubsection.4.2.4}{Data Integrity}{subsection.4.2}% 37
\BOOKMARK [2][-]{subsection.4.3}{Transforming EER Diagrams into Relations}{section.4}% 38
\BOOKMARK [3][-]{subsubsection.4.3.1}{Map Regular Entities}{subsection.4.3}% 39
\BOOKMARK [3][-]{subsubsection.4.3.2}{Map Weak Entities}{subsection.4.3}% 40
\BOOKMARK [3][-]{subsubsection.4.3.3}{Mapping Binary Relationships}{subsection.4.3}% 41
