\BOOKMARK [1][-]{section.1}{Friday, January 5, 2018}{}% 1
\BOOKMARK [2][-]{subsection.1.1}{Countability}{section.1}% 2
\BOOKMARK [2][-]{subsection.1.2}{Real Numbers}{section.1}% 3
\BOOKMARK [2][-]{subsection.1.3}{Algebraic Numbers}{section.1}% 4
\BOOKMARK [2][-]{subsection.1.4}{Bounds}{section.1}% 5
\BOOKMARK [1][-]{section.2}{Monday, January 8, 2018}{}% 6
\BOOKMARK [2][-]{subsection.2.1}{Sequences - Review}{section.2}% 7
\BOOKMARK [1][-]{section.3}{Friday, January 12, 2018}{}% 8
\BOOKMARK [2][-]{subsection.3.1}{Monotone Sequences}{section.3}% 9
\BOOKMARK [2][-]{subsection.3.2}{Subsequences}{section.3}% 10
\BOOKMARK [1][-]{section.4}{Monday, January 15, 2018}{}% 11
\BOOKMARK [2][-]{subsection.4.1}{Cauchy}{section.4}% 12
\BOOKMARK [2][-]{subsection.4.2}{Series}{section.4}% 13
\BOOKMARK [3][-]{subsubsection.4.2.1}{Convergence Tests}{subsection.4.2}% 14
\BOOKMARK [1][-]{section.5}{Friday, January 19, 2018}{}% 15
\BOOKMARK [2][-]{subsection.5.1}{Series \(continued\)}{section.5}% 16
\BOOKMARK [3][-]{subsubsection.5.1.1}{Convergence Tests}{subsection.5.1}% 17
\BOOKMARK [2][-]{subsection.5.2}{Alternating Series}{section.5}% 18
\BOOKMARK [1][-]{section.6}{Monday, January 22, 2018}{}% 19
\BOOKMARK [2][-]{subsection.6.1}{Alternating continued}{section.6}% 20
\BOOKMARK [2][-]{subsection.6.2}{Rearrangement}{section.6}% 21
\BOOKMARK [1][-]{section.7}{Monday, January 29, 2018}{}% 22
\BOOKMARK [2][-]{subsection.7.1}{Rearrangement \(continued\)}{section.7}% 23
\BOOKMARK [2][-]{subsection.7.2}{Power Series}{section.7}% 24
\BOOKMARK [1][-]{section.8}{Friday, February 2, 2018}{}% 25
\BOOKMARK [2][-]{subsection.8.1}{Pointwise and Uniform Convergence}{section.8}% 26
\BOOKMARK [2][-]{subsection.8.2}{Integrals}{section.8}% 27
\BOOKMARK [1][-]{section.9}{Monday, February 5, 2018}{}% 28
\BOOKMARK [2][-]{subsection.9.1}{Convergence}{section.9}% 29
\BOOKMARK [1][-]{section.10}{Friday, February 9, 2018}{}% 30
\BOOKMARK [2][-]{subsection.10.1}{Power Series}{section.10}% 31
\BOOKMARK [1][-]{section.11}{Monday, February 12, 2018}{}% 32
\BOOKMARK [2][-]{subsection.11.1}{Power Series \(cont'd\)}{section.11}% 33
\BOOKMARK [1][-]{section.12}{Friday, March 9, 2018}{}% 34
\BOOKMARK [2][-]{subsection.12.1}{Boundary Points}{section.12}% 35
\BOOKMARK [1][-]{section.13}{Monday, March 12, 2018}{}% 36
\BOOKMARK [2][-]{subsection.13.1}{Topology of the real numbers}{section.13}% 37
\BOOKMARK [1][-]{section.14}{Friday, March 16, 2018}{}% 38
\BOOKMARK [2][-]{subsection.14.1}{Compact Sets}{section.14}% 39
\BOOKMARK [2][-]{subsection.14.2}{Cantor Set}{section.14}% 40
\BOOKMARK [3][-]{subsubsection.14.2.1}{Description of Points in S}{subsection.14.2}% 41
\BOOKMARK [1][-]{section.15}{Monday, March 19, 2018}{}% 42
\BOOKMARK [2][-]{subsection.15.1}{Topology of real numbers}{section.15}% 43
\BOOKMARK [2][-]{subsection.15.2}{More on the exponential function}{section.15}% 44
