This is pdfTeX, Version 3.14159265-2.6-1.40.18 (TeX Live 2017) (preloaded format=pdflatex 2018.1.11)  14 JAN 2018 16:40
entering extended mode
 restricted \write18 enabled.
 file:line:error style messages enabled.
 %&-line parsing enabled.
**MATB42.tex
(./MATB42.tex
LaTeX2e <2017-04-15>
Babel <3.10> and hyphenation patterns for 22 language(s) loaded.
(/usr/local/texlive/2017basic/texmf-dist/tex/latex/base/article.cls
Document Class: article 2014/09/29 v1.4h Standard LaTeX document class
(/usr/local/texlive/2017basic/texmf-dist/tex/latex/base/size12.clo
File: size12.clo 2014/09/29 v1.4h Standard LaTeX file (size option)
)
\c@part=\count79
\c@section=\count80
\c@subsection=\count81
\c@subsubsection=\count82
\c@paragraph=\count83
\c@subparagraph=\count84
\c@figure=\count85
\c@table=\count86
\abovecaptionskip=\skip41
\belowcaptionskip=\skip42
\bibindent=\dimen102
)

! LaTeX Error: File `upgreek.sty' not found.

Type X to quit or <RETURN> to proceed,
or enter new name. (Default extension: sty)

Enter file name: 
./MATB42.tex:4: Emergency stop.
<read *> 
         
l.4 ^^M
       
End of file on the terminal!

 
Here is how much of TeX's memory you used:
 202 strings out of 494437
 2191 string characters out of 6166645
 49298 words of memory out of 5000000
 3636 multiletter control sequences out of 15000+600000
 3938 words of font info for 15 fonts, out of 8000000 for 9000
 319 hyphenation exceptions out of 8191
 22i,0n,19p,112b,36s stack positions out of 5000i,500n,10000p,200000b,80000s
./MATB42.tex:4:  ==> Fatal error occurred, no output PDF file produced!
