\BOOKMARK [1][-]{section.1}{Friday, January 5, 2018}{}% 1
\BOOKMARK [2][-]{subsection.1.1}{Fourier Expansions}{section.1}% 2
\BOOKMARK [1][-]{section.2}{Monday, January 8, 2018}{}% 3
\BOOKMARK [1][-]{section.3}{Friday, January 12, 2018}{}% 4
\BOOKMARK [2][-]{subsection.3.1}{General Fourier Series \(interval of length 2\)}{section.3}% 5
\BOOKMARK [1][-]{section.4}{Monday, January 15, 2018}{}% 6
\BOOKMARK [1][-]{section.5}{Friday, January 19, 2018}{}% 7
\BOOKMARK [2][-]{subsection.5.1}{Vector-Valued Functions}{section.5}% 8
\BOOKMARK [1][-]{section.6}{Monday, January 22, 2018}{}% 9
\BOOKMARK [2][-]{subsection.6.1}{parameterization \(continued\)}{section.6}% 10
\BOOKMARK [2][-]{subsection.6.2}{Derivatives}{section.6}% 11
\BOOKMARK [2][-]{subsection.6.3}{Path Integrals}{section.6}% 12
\BOOKMARK [1][-]{section.7}{Friday, January 26, 2018}{}% 13
\BOOKMARK [2][-]{subsection.7.1}{Path Integral \(continued\)}{section.7}% 14
\BOOKMARK [2][-]{subsection.7.2}{Vector Fields}{section.7}% 15
\BOOKMARK [1][-]{section.8}{Monday, January 29, 2018}{}% 16
\BOOKMARK [2][-]{subsection.8.1}{Line Integrals}{section.8}% 17
\BOOKMARK [1][-]{section.9}{Friday, February 2, 2018}{}% 18
\BOOKMARK [1][-]{section.10}{Monday, February 5, 2018}{}% 19
\BOOKMARK [2][-]{subsection.10.1}{Finding the potential function}{section.10}% 20
\BOOKMARK [2][-]{subsection.10.2}{Green's Theorem}{section.10}% 21
\BOOKMARK [2][-]{subsection.10.3}{Winding Numbers}{section.10}% 22
\BOOKMARK [1][-]{section.11}{Friday, February 9, 2018}{}% 23
\BOOKMARK [1][-]{section.12}{Monday, February 12, 2018}{}% 24
\BOOKMARK [2][-]{subsection.12.1}{Proof of Green's Theorem}{section.12}% 25
\BOOKMARK [2][-]{subsection.12.2}{Surfaces}{section.12}% 26
\BOOKMARK [1][-]{section.13}{Friday, February 16, 2018}{}% 27
\BOOKMARK [2][-]{subsection.13.1}{Surfaces \(cont'd\)}{section.13}% 28
\BOOKMARK [1][-]{section.14}{Friday, February 26, 2018}{}% 29
\BOOKMARK [1][-]{section.15}{Friday, March 2, 2018}{}% 30
